<?xml version="1.0" encoding="UTF-8"?>
<!-- Generated by org.testng.reporters.JUnitReportReporter -->
<testsuite skipped="0" hostname="rbs-HP-ProBook-450-G1" name="example.PlaceAnOrder" tests="1" failures="0" timestamp="25 Oct 2016 12:26:21 GMT" time="48.264" errors="0">
  <testcase name="testEasy" time="48.264" classname="example.PlaceAnOrder"/>
</testsuite> <!-- example.PlaceAnOrder -->
